# JRE version: OpenJDK Runtime Environment (8.0_131-b11) (build 1.8.0_131-8u131-b11-2ubuntu1.17.04.3-b11)
# Java VM: OpenJDK 64-Bit Server VM (25.131-b11 mixed mode linux-amd64 compressed oops)
Heap:
 PSYoungGen      total 16384K, used 11135K [0x00000000ec000000, 0x00000000ed180000, 0x0000000100000000)
  eden space 14848K, 74% used [0x00000000ec000000,0x00000000ecabff78,0x00000000ece80000)
  from space 1536K, 8% used [0x00000000ece80000,0x00000000ecea0000,0x00000000ed000000)
  to   space 1536K, 0% used [0x00000000ed000000,0x00000000ed000000,0x00000000ed180000)
 ParOldGen       total 40960K, used 2709K [0x00000000c4000000, 0x00000000c6800000, 0x00000000ec000000)
  object space 40960K, 6% used [0x00000000c4000000,0x00000000c42a57d8,0x00000000c6800000)
 Metaspace       used 11762K, capacity 11960K, committed 12160K, reserved 1060864K
  class space    used 1272K, capacity 1338K, committed 1408K, reserved 1048576K
GC Heap History (10 events):
Event: 127.653 GC heap before
{Heap before GC invocations=29 (full 0):
 PSYoungGen      total 16896K, used 14944K [0x00000000ec000000, 0x00000000ed280000, 0x0000000100000000)
  eden space 14848K, 100% used [0x00000000ec000000,0x00000000ece80000,0x00000000ece80000)
  from space 2048K, 4% used [0x00000000ed080000,0x00000000ed098000,0x00000000ed280000)
  to   space 2048K, 0% used [0x00000000ece80000,0x00000000ece80000,0x00000000ed080000)
 ParOldGen       total 40960K, used 2653K [0x00000000c4000000, 0x00000000c6800000, 0x00000000ec000000)
  object space 40960K, 6% used [0x00000000c4000000,0x00000000c42977d8,0x00000000c6800000)
 Metaspace       used 11700K, capacity 11960K, committed 12160K, reserved 1060864K
  class space    used 1264K, capacity 1338K, committed 1408K, reserved 1048576K
Event: 127.654 GC heap after
Heap after GC invocations=29 (full 0):
 PSYoungGen      total 16896K, used 96K [0x00000000ec000000, 0x00000000ed280000, 0x0000000100000000)
  eden space 14848K, 0% used [0x00000000ec000000,0x00000000ec000000,0x00000000ece80000)
  from space 2048K, 4% used [0x00000000ece80000,0x00000000ece98000,0x00000000ed080000)
  to   space 2048K, 0% used [0x00000000ed080000,0x00000000ed080000,0x00000000ed280000)
 ParOldGen       total 40960K, used 2677K [0x00000000c4000000, 0x00000000c6800000, 0x00000000ec000000)
  object space 40960K, 6% used [0x00000000c4000000,0x00000000c429d7d8,0x00000000c6800000)
 Metaspace       used 11700K, capacity 11960K, committed 12160K, reserved 1060864K
  class space    used 1264K, capacity 1338K, committed 1408K, reserved 1048576K
}
Event: 132.053 GC heap before
{Heap before GC invocations=30 (full 0):
 PSYoungGen      total 16896K, used 14944K [0x00000000ec000000, 0x00000000ed280000, 0x0000000100000000)
  eden space 14848K, 100% used [0x00000000ec000000,0x00000000ece80000,0x00000000ece80000)
  from space 2048K, 4% used [0x00000000ece80000,0x00000000ece98000,0x00000000ed080000)
  to   space 2048K, 0% used [0x00000000ed080000,0x00000000ed080000,0x00000000ed280000)
 ParOldGen       total 40960K, used 2677K [0x00000000c4000000, 0x00000000c6800000, 0x00000000ec000000)
  object space 40960K, 6% used [0x00000000c4000000,0x00000000c429d7d8,0x00000000c6800000)
 Metaspace       used 11700K, capacity 11960K, committed 12160K, reserved 1060864K
  class space    used 1264K, capacity 1338K, committed 1408K, reserved 1048576K
Event: 132.054 GC heap after
Heap after GC invocations=30 (full 0):
 PSYoungGen      total 15872K, used 128K [0x00000000ec000000, 0x00000000ed180000, 0x0000000100000000)
  eden space 14848K, 0% used [0x00000000ec000000,0x00000000ec000000,0x00000000ece80000)
  from space 1024K, 12% used [0x00000000ed080000,0x00000000ed0a0000,0x00000000ed180000)
  to   space 1536K, 0% used [0x00000000ece80000,0x00000000ece80000,0x00000000ed000000)
 ParOldGen       total 40960K, used 2693K [0x00000000c4000000, 0x00000000c6800000, 0x00000000ec000000)
  object space 40960K, 6% used [0x00000000c4000000,0x00000000c42a17d8,0x00000000c6800000)
 Metaspace       used 11700K, capacity 11960K, committed 12160K, reserved 1060864K
  class space    used 1264K, capacity 1338K, committed 1408K, reserved 1048576K
}
Event: 136.470 GC heap before
{Heap before GC invocations=31 (full 0):
 PSYoungGen      total 15872K, used 14976K [0x00000000ec000000, 0x00000000ed180000, 0x0000000100000000)
  eden space 14848K, 100% used [0x00000000ec000000,0x00000000ece80000,0x00000000ece80000)
  from space 1024K, 12% used [0x00000000ed080000,0x00000000ed0a0000,0x00000000ed180000)
  to   space 1536K, 0% used [0x00000000ece80000,0x00000000ece80000,0x00000000ed000000)
 ParOldGen       total 40960K, used 2693K [0x00000000c4000000, 0x00000000c6800000, 0x00000000ec000000)
  object space 40960K, 6% used [0x00000000c4000000,0x00000000c42a17d8,0x00000000c6800000)
 Metaspace       used 11704K, capacity 11960K, committed 12160K, reserved 1060864K
  class space    used 1264K, capacity 1338K, committed 1408K, reserved 1048576K
Event: 136.471 GC heap after
Heap after GC invocations=31 (full 0):
 PSYoungGen      total 16384K, used 96K [0x00000000ec000000, 0x00000000ed180000, 0x0000000100000000)
  eden space 14848K, 0% used [0x00000000ec000000,0x00000000ec000000,0x00000000ece80000)
  from space 1536K, 6% used [0x00000000ece80000,0x00000000ece98000,0x00000000ed000000)
  to   space 1536K, 0% used [0x00000000ed000000,0x00000000ed000000,0x00000000ed180000)
 ParOldGen       total 40960K, used 2709K [0x00000000c4000000, 0x00000000c6800000, 0x00000000ec000000)
  object space 40960K, 6% used [0x00000000c4000000,0x00000000c42a57d8,0x00000000c6800000)
 Metaspace       used 11704K, capacity 11960K, committed 12160K, reserved 1060864K
  class space    used 1264K, capacity 1338K, committed 1408K, reserved 1048576K
}
Event: 140.870 GC heap before
{Heap before GC invocations=32 (full 0):
 PSYoungGen      total 16384K, used 14944K [0x00000000ec000000, 0x00000000ed180000, 0x0000000100000000)
  eden space 14848K, 100% used [0x00000000ec000000,0x00000000ece80000,0x00000000ece80000)
  from space 1536K, 6% used [0x00000000ece80000,0x00000000ece98000,0x00000000ed000000)
  to   space 1536K, 0% used [0x00000000ed000000,0x00000000ed000000,0x00000000ed180000)
 ParOldGen       total 40960K, used 2709K [0x00000000c4000000, 0x00000000c6800000, 0x00000000ec000000)
  object space 40960K, 6% used [0x00000000c4000000,0x00000000c42a57d8,0x00000000c6800000)
 Metaspace       used 11704K, capacity 11960K, committed 12160K, reserved 1060864K
  class space    used 1264K, capacity 1338K, committed 1408K, reserved 1048576K
Event: 140.871 GC heap after
Heap after GC invocations=32 (full 0):
 PSYoungGen      total 16384K, used 128K [0x00000000ec000000, 0x00000000ed180000, 0x0000000100000000)
  eden space 14848K, 0% used [0x00000000ec000000,0x00000000ec000000,0x00000000ece80000)
  from space 1536K, 8% used [0x00000000ed000000,0x00000000ed020000,0x00000000ed180000)
  to   space 1536K, 0% used [0x00000000ece80000,0x00000000ece80000,0x00000000ed000000)
 ParOldGen       total 40960K, used 2709K [0x00000000c4000000, 0x00000000c6800000, 0x00000000ec000000)
  object space 40960K, 6% used [0x00000000c4000000,0x00000000c42a57d8,0x00000000c6800000)
 Metaspace       used 11704K, capacity 11960K, committed 12160K, reserved 1060864K
  class space    used 1264K, capacity 1338K, committed 1408K, reserved 1048576K
}
Event: 145.179 GC heap before
{Heap before GC invocations=33 (full 0):
 PSYoungGen      total 16384K, used 14976K [0x00000000ec000000, 0x00000000ed180000, 0x0000000100000000)
  eden space 14848K, 100% used [0x00000000ec000000,0x00000000ece80000,0x00000000ece80000)
  from space 1536K, 8% used [0x00000000ed000000,0x00000000ed020000,0x00000000ed180000)
  to   space 1536K, 0% used [0x00000000ece80000,0x00000000ece80000,0x00000000ed000000)
 ParOldGen       total 40960K, used 2709K [0x00000000c4000000, 0x00000000c6800000, 0x00000000ec000000)
  object space 40960K, 6% used [0x00000000c4000000,0x00000000c42a57d8,0x00000000c6800000)
 Metaspace       used 11712K, capacity 11960K, committed 12160K, reserved 1060864K
  class space    used 1264K, capacity 1338K, committed 1408K, reserved 1048576K
Event: 145.180 GC heap after
Heap after GC invocations=33 (full 0):
 PSYoungGen      total 16384K, used 128K [0x00000000ec000000, 0x00000000ed180000, 0x0000000100000000)
  eden space 14848K, 0% used [0x00000000ec000000,0x00000000ec000000,0x00000000ece80000)
  from space 1536K, 8% used [0x00000000ece80000,0x00000000ecea0000,0x00000000ed000000)
  to   space 1536K, 0% used [0x00000000ed000000,0x00000000ed000000,0x00000000ed180000)
 ParOldGen       total 40960K, used 2709K [0x00000000c4000000, 0x00000000c6800000, 0x00000000ec000000)
  object space 40960K, 6% used [0x00000000c4000000,0x00000000c42a57d8,0x00000000c6800000)
 Metaspace       used 11712K, capacity 11960K, committed 12160K, reserved 1060864K
  class space    used 1264K, capacity 1338K, committed 1408K, reserved 1048576K
}

